F.F.....F.F.

Failures:

  1) Admin::Dashboards GET /admin/dashboard when logged in as admin returns http success
     Failure/Error: <% if current_user.avatar.attached? %>

     ActionView::Template::Error:
       undefined method 'avatar' for an instance of User
     # ./app/views/layouts/admin.html.erb:44:in 'block in _app_views_layouts_admin_html_erb___353202447_14080'
     # ./app/views/layouts/admin.html.erb:42:in '_app_views_layouts_admin_html_erb___353202447_14080'
     # ./spec/requests/admin/dashboard_spec.rb:12:in 'block (4 levels) in <top (required)>'
     # ./spec/support/database_cleaner.rb:9:in 'block (3 levels) in <main>'
     # ./spec/support/database_cleaner.rb:8:in 'block (2 levels) in <main>'
     # ------------------
     # --- Caused by: ---
     # NoMethodError:
     #   undefined method 'avatar' for an instance of User
     #   ./app/views/layouts/admin.html.erb:44:in 'block in _app_views_layouts_admin_html_erb___353202447_14080'

  2) Authentication POST /users/sign_in signs in successfully with valid credentials
     Failure/Error: expect(response).to redirect_to(root_path) #

       Expected response to be a redirect to <http://www.example.com/> but was a redirect to <http://www.example.com/learner/dashboard>.
       Expected "http://www.example.com/" to be === "http://www.example.com/learner/dashboard".
     # ./spec/requests/authentication_spec.rb:11:in 'block (3 levels) in <main>'
     # ./spec/support/database_cleaner.rb:9:in 'block (3 levels) in <main>'
     # ./spec/support/database_cleaner.rb:8:in 'block (2 levels) in <main>'

  3) Instructor::Dashboards GET /instructor/dashboard when logged in as instructor returns http success
     Failure/Error: <% if current_user.avatar.attached? %>

     ActionView::Template::Error:
       undefined method 'avatar' for an instance of User
     # ./app/views/layouts/instructor.html.erb:44:in 'block in _app_views_layouts_instructor_html_erb__97568616_14440'
     # ./app/views/layouts/instructor.html.erb:42:in '_app_views_layouts_instructor_html_erb__97568616_14440'
     # ./spec/requests/instructor/dashboard_spec.rb:12:in 'block (4 levels) in <main>'
     # ./spec/support/database_cleaner.rb:9:in 'block (3 levels) in <main>'
     # ./spec/support/database_cleaner.rb:8:in 'block (2 levels) in <main>'
     # ------------------
     # --- Caused by: ---
     # NoMethodError:
     #   undefined method 'avatar' for an instance of User
     #   ./app/views/layouts/instructor.html.erb:44:in 'block in _app_views_layouts_instructor_html_erb__97568616_14440'

  4) Learner::Dashboards GET /learner/dashboard when logged in as learner returns http success
     Failure/Error: <% if current_user.avatar.attached? %>

     ActionView::Template::Error:
       undefined method 'avatar' for an instance of User
     # ./app/views/layouts/learner.html.erb:39:in 'block in _app_views_layouts_learner_html_erb___60562277_14512'
     # ./app/views/layouts/learner.html.erb:37:in '_app_views_layouts_learner_html_erb___60562277_14512'
     # ./spec/requests/learner/dashboard_spec.rb:11:in 'block (4 levels) in <main>'
     # ./spec/support/database_cleaner.rb:9:in 'block (3 levels) in <main>'
     # ./spec/support/database_cleaner.rb:8:in 'block (2 levels) in <main>'
     # ------------------
     # --- Caused by: ---
     # NoMethodError:
     #   undefined method 'avatar' for an instance of User
     #   ./app/views/layouts/learner.html.erb:39:in 'block in _app_views_layouts_learner_html_erb___60562277_14512'

Finished in 1.34 seconds (files took 7.03 seconds to load)
12 examples, 4 failures

Failed examples:

rspec ./spec/requests/admin/dashboard_spec.rb:11 # Admin::Dashboards GET /admin/dashboard when logged in as admin returns http success
rspec ./spec/requests/authentication_spec.rb:7 # Authentication POST /users/sign_in signs in successfully with valid credentials
rspec ./spec/requests/instructor/dashboard_spec.rb:11 # Instructor::Dashboards GET /instructor/dashboard when logged in as instructor returns http success
rspec ./spec/requests/learner/dashboard_spec.rb:10 # Learner::Dashboards GET /learner/dashboard when logged in as learner returns http success

